<?xml version="1.0" encoding="UTF-8"?>
<testng-results skipped="0" failed="0" ignored="0" total="2" passed="2">
  <reporter-output>
  </reporter-output>
  <suite name="Default suite" duration-ms="32213" started-at="2020-04-11T12:08:43Z" finished-at="2020-04-11T12:09:15Z">
    <groups>
    </groups>
    <test name="Default test" duration-ms="32213" started-at="2020-04-11T12:08:43Z" finished-at="2020-04-11T12:09:15Z">
      <class name="shopping.SignIn">
        <test-method status="PASS" signature="setupsuite()[pri:0, instance:shopping.SignIn@1bce4f0a]" name="setupsuite" is-config="true" duration-ms="11656" started-at="2020-04-11T12:08:43Z" finished-at="2020-04-11T12:08:55Z">
          <reporter-output>
          </reporter-output>
        </test-method> <!-- setupsuite -->
        <test-method status="PASS" signature="createAccount()[pri:0, instance:shopping.SignIn@1bce4f0a]" name="createAccount" duration-ms="2768" started-at="2020-04-11T12:08:55Z" finished-at="2020-04-11T12:08:58Z">
          <reporter-output>
          </reporter-output>
        </test-method> <!-- createAccount -->
        <test-method status="PASS" signature="registerNewUser()[pri:0, instance:shopping.SignIn@1bce4f0a]" name="registerNewUser" duration-ms="15972" started-at="2020-04-11T12:08:58Z" finished-at="2020-04-11T12:09:14Z">
          <reporter-output>
          </reporter-output>
        </test-method> <!-- registerNewUser -->
        <test-method status="PASS" signature="teardown()[pri:0, instance:shopping.SignIn@1bce4f0a]" name="teardown" is-config="true" duration-ms="1800" started-at="2020-04-11T12:09:14Z" finished-at="2020-04-11T12:09:15Z">
          <reporter-output>
          </reporter-output>
        </test-method> <!-- teardown -->
      </class> <!-- shopping.SignIn -->
    </test> <!-- Default test -->
  </suite> <!-- Default suite -->
</testng-results>
